INFO - 2024-04-27 08:08:24 --> Session: Class initialized using 'CodeIgniter\Session\Handlers\FileHandler' driver.
INFO - 2024-04-27 08:08:31 --> Session: Class initialized using 'CodeIgniter\Session\Handlers\FileHandler' driver.
INFO - 2024-04-27 08:09:19 --> Session: Class initialized using 'CodeIgniter\Session\Handlers\FileHandler' driver.
INFO - 2024-04-27 08:09:22 --> Session: Class initialized using 'CodeIgniter\Session\Handlers\FileHandler' driver.
INFO - 2024-04-27 08:09:53 --> Session: Class initialized using 'CodeIgniter\Session\Handlers\FileHandler' driver.
INFO - 2024-04-27 08:09:55 --> Session: Class initialized using 'CodeIgniter\Session\Handlers\FileHandler' driver.
INFO - 2024-04-27 08:09:56 --> Session: Class initialized using 'CodeIgniter\Session\Handlers\FileHandler' driver.
INFO - 2024-04-27 08:37:09 --> Session: Class initialized using 'CodeIgniter\Session\Handlers\FileHandler' driver.
INFO - 2024-04-27 08:37:15 --> Session: Class initialized using 'CodeIgniter\Session\Handlers\FileHandler' driver.
INFO - 2024-04-27 08:37:35 --> Session: Class initialized using 'CodeIgniter\Session\Handlers\FileHandler' driver.
INFO - 2024-04-27 08:37:37 --> Session: Class initialized using 'CodeIgniter\Session\Handlers\FileHandler' driver.
INFO - 2024-04-27 08:38:00 --> Session: Class initialized using 'CodeIgniter\Session\Handlers\FileHandler' driver.
INFO - 2024-04-27 08:38:01 --> Session: Class initialized using 'CodeIgniter\Session\Handlers\FileHandler' driver.
INFO - 2024-04-27 08:39:19 --> Session: Class initialized using 'CodeIgniter\Session\Handlers\FileHandler' driver.
INFO - 2024-04-27 08:39:19 --> Session: Class initialized using 'CodeIgniter\Session\Handlers\FileHandler' driver.
INFO - 2024-04-27 08:40:14 --> Session: Class initialized using 'CodeIgniter\Session\Handlers\FileHandler' driver.
INFO - 2024-04-27 08:40:17 --> Session: Class initialized using 'CodeIgniter\Session\Handlers\FileHandler' driver.
INFO - 2024-04-27 08:41:26 --> Session: Class initialized using 'CodeIgniter\Session\Handlers\FileHandler' driver.
INFO - 2024-04-27 08:41:33 --> Session: Class initialized using 'CodeIgniter\Session\Handlers\FileHandler' driver.
INFO - 2024-04-27 08:43:24 --> Session: Class initialized using 'CodeIgniter\Session\Handlers\FileHandler' driver.
INFO - 2024-04-27 08:43:27 --> Session: Class initialized using 'CodeIgniter\Session\Handlers\FileHandler' driver.
INFO - 2024-04-27 08:47:03 --> Session: Class initialized using 'CodeIgniter\Session\Handlers\FileHandler' driver.
INFO - 2024-04-27 08:47:04 --> Session: Class initialized using 'CodeIgniter\Session\Handlers\FileHandler' driver.
INFO - 2024-04-27 08:47:53 --> Session: Class initialized using 'CodeIgniter\Session\Handlers\FileHandler' driver.
INFO - 2024-04-27 08:47:55 --> Session: Class initialized using 'CodeIgniter\Session\Handlers\FileHandler' driver.
INFO - 2024-04-27 08:47:58 --> Session: Class initialized using 'CodeIgniter\Session\Handlers\FileHandler' driver.
INFO - 2024-04-27 08:47:59 --> Session: Class initialized using 'CodeIgniter\Session\Handlers\FileHandler' driver.
INFO - 2024-04-27 08:48:00 --> Session: Class initialized using 'CodeIgniter\Session\Handlers\FileHandler' driver.
INFO - 2024-04-27 08:48:11 --> Session: Class initialized using 'CodeIgniter\Session\Handlers\FileHandler' driver.
INFO - 2024-04-27 08:48:12 --> Session: Class initialized using 'CodeIgniter\Session\Handlers\FileHandler' driver.
INFO - 2024-04-27 08:48:13 --> Session: Class initialized using 'CodeIgniter\Session\Handlers\FileHandler' driver.
INFO - 2024-04-27 08:48:19 --> Session: Class initialized using 'CodeIgniter\Session\Handlers\FileHandler' driver.
INFO - 2024-04-27 08:48:21 --> Session: Class initialized using 'CodeIgniter\Session\Handlers\FileHandler' driver.
INFO - 2024-04-27 08:48:24 --> Session: Class initialized using 'CodeIgniter\Session\Handlers\FileHandler' driver.
INFO - 2024-04-27 08:48:24 --> Session: Class initialized using 'CodeIgniter\Session\Handlers\FileHandler' driver.
INFO - 2024-04-27 08:48:24 --> Session: Class initialized using 'CodeIgniter\Session\Handlers\FileHandler' driver.
INFO - 2024-04-27 08:53:41 --> Session: Class initialized using 'CodeIgniter\Session\Handlers\FileHandler' driver.
INFO - 2024-04-27 08:53:41 --> Session: Class initialized using 'CodeIgniter\Session\Handlers\FileHandler' driver.
INFO - 2024-04-27 08:53:43 --> Session: Class initialized using 'CodeIgniter\Session\Handlers\FileHandler' driver.
INFO - 2024-04-27 09:01:13 --> Session: Class initialized using 'CodeIgniter\Session\Handlers\FileHandler' driver.
INFO - 2024-04-27 09:01:14 --> Session: Class initialized using 'CodeIgniter\Session\Handlers\FileHandler' driver.
INFO - 2024-04-27 09:01:19 --> Session: Class initialized using 'CodeIgniter\Session\Handlers\FileHandler' driver.
INFO - 2024-04-27 09:01:54 --> Session: Class initialized using 'CodeIgniter\Session\Handlers\FileHandler' driver.
INFO - 2024-04-27 09:01:55 --> Session: Class initialized using 'CodeIgniter\Session\Handlers\FileHandler' driver.
INFO - 2024-04-27 09:04:04 --> Session: Class initialized using 'CodeIgniter\Session\Handlers\FileHandler' driver.
INFO - 2024-04-27 09:04:05 --> Session: Class initialized using 'CodeIgniter\Session\Handlers\FileHandler' driver.
INFO - 2024-04-27 09:04:06 --> Session: Class initialized using 'CodeIgniter\Session\Handlers\FileHandler' driver.
INFO - 2024-04-27 09:04:42 --> Session: Class initialized using 'CodeIgniter\Session\Handlers\FileHandler' driver.
INFO - 2024-04-27 09:04:42 --> Session: Class initialized using 'CodeIgniter\Session\Handlers\FileHandler' driver.
INFO - 2024-04-27 09:04:43 --> Session: Class initialized using 'CodeIgniter\Session\Handlers\FileHandler' driver.
INFO - 2024-04-27 09:05:26 --> Session: Class initialized using 'CodeIgniter\Session\Handlers\FileHandler' driver.
INFO - 2024-04-27 09:05:26 --> Session: Class initialized using 'CodeIgniter\Session\Handlers\FileHandler' driver.
INFO - 2024-04-27 09:05:27 --> Session: Class initialized using 'CodeIgniter\Session\Handlers\FileHandler' driver.
INFO - 2024-04-27 09:05:42 --> Session: Class initialized using 'CodeIgniter\Session\Handlers\FileHandler' driver.
INFO - 2024-04-27 09:05:42 --> Session: Class initialized using 'CodeIgniter\Session\Handlers\FileHandler' driver.
INFO - 2024-04-27 09:05:52 --> Session: Class initialized using 'CodeIgniter\Session\Handlers\FileHandler' driver.
INFO - 2024-04-27 09:05:53 --> Session: Class initialized using 'CodeIgniter\Session\Handlers\FileHandler' driver.
INFO - 2024-04-27 09:06:08 --> Session: Class initialized using 'CodeIgniter\Session\Handlers\FileHandler' driver.
INFO - 2024-04-27 09:06:09 --> Session: Class initialized using 'CodeIgniter\Session\Handlers\FileHandler' driver.
INFO - 2024-04-27 09:10:13 --> Session: Class initialized using 'CodeIgniter\Session\Handlers\FileHandler' driver.
INFO - 2024-04-27 09:10:14 --> Session: Class initialized using 'CodeIgniter\Session\Handlers\FileHandler' driver.
INFO - 2024-04-27 09:11:22 --> Session: Class initialized using 'CodeIgniter\Session\Handlers\FileHandler' driver.
INFO - 2024-04-27 09:11:22 --> Session: Class initialized using 'CodeIgniter\Session\Handlers\FileHandler' driver.
INFO - 2024-04-27 09:11:31 --> Session: Class initialized using 'CodeIgniter\Session\Handlers\FileHandler' driver.
INFO - 2024-04-27 09:11:32 --> Session: Class initialized using 'CodeIgniter\Session\Handlers\FileHandler' driver.
INFO - 2024-04-27 09:11:46 --> Session: Class initialized using 'CodeIgniter\Session\Handlers\FileHandler' driver.
INFO - 2024-04-27 09:11:47 --> Session: Class initialized using 'CodeIgniter\Session\Handlers\FileHandler' driver.
INFO - 2024-04-27 09:15:59 --> Session: Class initialized using 'CodeIgniter\Session\Handlers\FileHandler' driver.
INFO - 2024-04-27 09:16:01 --> Session: Class initialized using 'CodeIgniter\Session\Handlers\FileHandler' driver.
INFO - 2024-04-27 09:16:25 --> Session: Class initialized using 'CodeIgniter\Session\Handlers\FileHandler' driver.
INFO - 2024-04-27 09:16:26 --> Session: Class initialized using 'CodeIgniter\Session\Handlers\FileHandler' driver.
INFO - 2024-04-27 09:17:14 --> Session: Class initialized using 'CodeIgniter\Session\Handlers\FileHandler' driver.
INFO - 2024-04-27 09:17:15 --> Session: Class initialized using 'CodeIgniter\Session\Handlers\FileHandler' driver.
INFO - 2024-04-27 09:19:24 --> Session: Class initialized using 'CodeIgniter\Session\Handlers\FileHandler' driver.
INFO - 2024-04-27 09:19:26 --> Session: Class initialized using 'CodeIgniter\Session\Handlers\FileHandler' driver.
INFO - 2024-04-27 09:19:31 --> Session: Class initialized using 'CodeIgniter\Session\Handlers\FileHandler' driver.
CRITICAL - 2024-04-27 09:19:31 --> ErrorException: Undefined variable: module_segment
in APPPATH\Views\partials\admin\pagetitle.php on line 52.
 1 APPPATH\Views\partials\admin\pagetitle.php(52): CodeIgniter\Debug\Exceptions->errorHandler(8, 'Undefined variable: module_segment', 'E:\\xampp\\htdocs\\project\\app\\Views\\partials\\admin\\pagetitle.php', 52, [...])
 2 APPPATH\Views\layouts\admin\default.php(53): include('E:\\xampp\\htdocs\\project\\app\\Views\\partials\\admin\\pagetitle.php')
 3 SYSTEMPATH\View\View.php(228): include('E:\\xampp\\htdocs\\project\\app\\Views\\layouts\\admin\\default.php')
 4 SYSTEMPATH\View\View.php(231): CodeIgniter\View\View->CodeIgniter\View\{closure}()
 5 SYSTEMPATH\View\View.php(244): CodeIgniter\View\View->render('layouts/admin/default', [], true)
 6 SYSTEMPATH\Common.php(1178): CodeIgniter\View\View->render('Dashboards/admin', [], true)
 7 APPPATH\Controllers\Admin.php(11): view('Dashboards/admin', [...])
 8 SYSTEMPATH\CodeIgniter.php(943): App\Controllers\Admin->index()
 9 SYSTEMPATH\CodeIgniter.php(503): CodeIgniter\CodeIgniter->runController(Object(App\Controllers\Admin))
10 SYSTEMPATH\CodeIgniter.php(361): CodeIgniter\CodeIgniter->handleRequest(null, Object(Config\Cache), false)
11 FCPATH\index.php(79): CodeIgniter\CodeIgniter->run()
INFO - 2024-04-27 09:19:46 --> Session: Class initialized using 'CodeIgniter\Session\Handlers\FileHandler' driver.
INFO - 2024-04-27 09:19:48 --> Session: Class initialized using 'CodeIgniter\Session\Handlers\FileHandler' driver.
INFO - 2024-04-27 09:19:56 --> Session: Class initialized using 'CodeIgniter\Session\Handlers\FileHandler' driver.
INFO - 2024-04-27 09:19:56 --> Session: Class initialized using 'CodeIgniter\Session\Handlers\FileHandler' driver.
INFO - 2024-04-27 09:24:07 --> Session: Class initialized using 'CodeIgniter\Session\Handlers\FileHandler' driver.
INFO - 2024-04-27 09:24:07 --> Session: Class initialized using 'CodeIgniter\Session\Handlers\FileHandler' driver.
INFO - 2024-04-27 09:24:44 --> Session: Class initialized using 'CodeIgniter\Session\Handlers\FileHandler' driver.
INFO - 2024-04-27 09:24:45 --> Session: Class initialized using 'CodeIgniter\Session\Handlers\FileHandler' driver.
INFO - 2024-04-27 09:25:09 --> Session: Class initialized using 'CodeIgniter\Session\Handlers\FileHandler' driver.
INFO - 2024-04-27 09:25:10 --> Session: Class initialized using 'CodeIgniter\Session\Handlers\FileHandler' driver.
INFO - 2024-04-27 09:26:13 --> Session: Class initialized using 'CodeIgniter\Session\Handlers\FileHandler' driver.
INFO - 2024-04-27 09:26:14 --> Session: Class initialized using 'CodeIgniter\Session\Handlers\FileHandler' driver.
INFO - 2024-04-27 09:28:19 --> Session: Class initialized using 'CodeIgniter\Session\Handlers\FileHandler' driver.
INFO - 2024-04-27 09:28:20 --> Session: Class initialized using 'CodeIgniter\Session\Handlers\FileHandler' driver.
INFO - 2024-04-27 09:28:34 --> Session: Class initialized using 'CodeIgniter\Session\Handlers\FileHandler' driver.
INFO - 2024-04-27 09:28:35 --> Session: Class initialized using 'CodeIgniter\Session\Handlers\FileHandler' driver.
INFO - 2024-04-27 09:29:02 --> Session: Class initialized using 'CodeIgniter\Session\Handlers\FileHandler' driver.
INFO - 2024-04-27 09:29:02 --> Session: Class initialized using 'CodeIgniter\Session\Handlers\FileHandler' driver.
INFO - 2024-04-27 09:29:35 --> Session: Class initialized using 'CodeIgniter\Session\Handlers\FileHandler' driver.
INFO - 2024-04-27 09:29:35 --> Session: Class initialized using 'CodeIgniter\Session\Handlers\FileHandler' driver.
INFO - 2024-04-27 09:31:42 --> Session: Class initialized using 'CodeIgniter\Session\Handlers\FileHandler' driver.
INFO - 2024-04-27 09:31:43 --> Session: Class initialized using 'CodeIgniter\Session\Handlers\FileHandler' driver.
INFO - 2024-04-27 09:32:25 --> Session: Class initialized using 'CodeIgniter\Session\Handlers\FileHandler' driver.
INFO - 2024-04-27 09:32:26 --> Session: Class initialized using 'CodeIgniter\Session\Handlers\FileHandler' driver.
INFO - 2024-04-27 09:36:37 --> Session: Class initialized using 'CodeIgniter\Session\Handlers\FileHandler' driver.
INFO - 2024-04-27 09:36:40 --> Session: Class initialized using 'CodeIgniter\Session\Handlers\FileHandler' driver.
INFO - 2024-04-27 09:38:18 --> Session: Class initialized using 'CodeIgniter\Session\Handlers\FileHandler' driver.
INFO - 2024-04-27 09:38:22 --> Session: Class initialized using 'CodeIgniter\Session\Handlers\FileHandler' driver.
INFO - 2024-04-27 09:39:49 --> Session: Class initialized using 'CodeIgniter\Session\Handlers\FileHandler' driver.
INFO - 2024-04-27 09:39:56 --> Session: Class initialized using 'CodeIgniter\Session\Handlers\FileHandler' driver.
INFO - 2024-04-27 09:40:43 --> Session: Class initialized using 'CodeIgniter\Session\Handlers\FileHandler' driver.
INFO - 2024-04-27 09:40:44 --> Session: Class initialized using 'CodeIgniter\Session\Handlers\FileHandler' driver.
INFO - 2024-04-27 09:41:24 --> Session: Class initialized using 'CodeIgniter\Session\Handlers\FileHandler' driver.
INFO - 2024-04-27 09:41:25 --> Session: Class initialized using 'CodeIgniter\Session\Handlers\FileHandler' driver.
INFO - 2024-04-27 09:43:01 --> Session: Class initialized using 'CodeIgniter\Session\Handlers\FileHandler' driver.
INFO - 2024-04-27 09:43:02 --> Session: Class initialized using 'CodeIgniter\Session\Handlers\FileHandler' driver.
INFO - 2024-04-27 09:44:19 --> Session: Class initialized using 'CodeIgniter\Session\Handlers\FileHandler' driver.
INFO - 2024-04-27 09:44:20 --> Session: Class initialized using 'CodeIgniter\Session\Handlers\FileHandler' driver.
INFO - 2024-04-27 09:44:26 --> Session: Class initialized using 'CodeIgniter\Session\Handlers\FileHandler' driver.
INFO - 2024-04-27 09:44:29 --> Session: Class initialized using 'CodeIgniter\Session\Handlers\FileHandler' driver.
INFO - 2024-04-27 09:46:14 --> Session: Class initialized using 'CodeIgniter\Session\Handlers\FileHandler' driver.
INFO - 2024-04-27 09:46:15 --> Session: Class initialized using 'CodeIgniter\Session\Handlers\FileHandler' driver.
INFO - 2024-04-27 09:46:20 --> Session: Class initialized using 'CodeIgniter\Session\Handlers\FileHandler' driver.
INFO - 2024-04-27 09:46:21 --> Session: Class initialized using 'CodeIgniter\Session\Handlers\FileHandler' driver.
INFO - 2024-04-27 09:47:41 --> Session: Class initialized using 'CodeIgniter\Session\Handlers\FileHandler' driver.
INFO - 2024-04-27 09:47:41 --> Session: Class initialized using 'CodeIgniter\Session\Handlers\FileHandler' driver.
INFO - 2024-04-27 09:52:17 --> Session: Class initialized using 'CodeIgniter\Session\Handlers\FileHandler' driver.
INFO - 2024-04-27 09:52:18 --> Session: Class initialized using 'CodeIgniter\Session\Handlers\FileHandler' driver.
INFO - 2024-04-27 09:53:48 --> Session: Class initialized using 'CodeIgniter\Session\Handlers\FileHandler' driver.
INFO - 2024-04-27 09:53:50 --> Session: Class initialized using 'CodeIgniter\Session\Handlers\FileHandler' driver.
INFO - 2024-04-27 09:54:52 --> Session: Class initialized using 'CodeIgniter\Session\Handlers\FileHandler' driver.
INFO - 2024-04-27 09:54:53 --> Session: Class initialized using 'CodeIgniter\Session\Handlers\FileHandler' driver.
INFO - 2024-04-27 09:57:32 --> Session: Class initialized using 'CodeIgniter\Session\Handlers\FileHandler' driver.
INFO - 2024-04-27 09:57:36 --> Session: Class initialized using 'CodeIgniter\Session\Handlers\FileHandler' driver.
INFO - 2024-04-27 09:58:15 --> Session: Class initialized using 'CodeIgniter\Session\Handlers\FileHandler' driver.
INFO - 2024-04-27 09:58:16 --> Session: Class initialized using 'CodeIgniter\Session\Handlers\FileHandler' driver.
INFO - 2024-04-27 10:08:39 --> Session: Class initialized using 'CodeIgniter\Session\Handlers\FileHandler' driver.
INFO - 2024-04-27 10:08:46 --> Session: Class initialized using 'CodeIgniter\Session\Handlers\FileHandler' driver.
INFO - 2024-04-27 10:12:29 --> Session: Class initialized using 'CodeIgniter\Session\Handlers\FileHandler' driver.
INFO - 2024-04-27 10:12:38 --> Session: Class initialized using 'CodeIgniter\Session\Handlers\FileHandler' driver.
INFO - 2024-04-27 10:14:50 --> Session: Class initialized using 'CodeIgniter\Session\Handlers\FileHandler' driver.
INFO - 2024-04-27 10:14:57 --> Session: Class initialized using 'CodeIgniter\Session\Handlers\FileHandler' driver.
INFO - 2024-04-27 10:16:07 --> Session: Class initialized using 'CodeIgniter\Session\Handlers\FileHandler' driver.
INFO - 2024-04-27 10:16:12 --> Session: Class initialized using 'CodeIgniter\Session\Handlers\FileHandler' driver.
INFO - 2024-04-27 10:16:57 --> Session: Class initialized using 'CodeIgniter\Session\Handlers\FileHandler' driver.
INFO - 2024-04-27 10:17:02 --> Session: Class initialized using 'CodeIgniter\Session\Handlers\FileHandler' driver.
INFO - 2024-04-27 10:22:26 --> Session: Class initialized using 'CodeIgniter\Session\Handlers\FileHandler' driver.
INFO - 2024-04-27 10:22:42 --> Session: Class initialized using 'CodeIgniter\Session\Handlers\FileHandler' driver.
INFO - 2024-04-27 10:23:50 --> Session: Class initialized using 'CodeIgniter\Session\Handlers\FileHandler' driver.
INFO - 2024-04-27 10:23:54 --> Session: Class initialized using 'CodeIgniter\Session\Handlers\FileHandler' driver.
INFO - 2024-04-27 10:25:09 --> Session: Class initialized using 'CodeIgniter\Session\Handlers\FileHandler' driver.
INFO - 2024-04-27 10:25:11 --> Session: Class initialized using 'CodeIgniter\Session\Handlers\FileHandler' driver.
INFO - 2024-04-27 10:27:24 --> Session: Class initialized using 'CodeIgniter\Session\Handlers\FileHandler' driver.
INFO - 2024-04-27 10:27:29 --> Session: Class initialized using 'CodeIgniter\Session\Handlers\FileHandler' driver.
INFO - 2024-04-27 10:30:04 --> Session: Class initialized using 'CodeIgniter\Session\Handlers\FileHandler' driver.
INFO - 2024-04-27 10:30:12 --> Session: Class initialized using 'CodeIgniter\Session\Handlers\FileHandler' driver.
INFO - 2024-04-27 10:32:49 --> Session: Class initialized using 'CodeIgniter\Session\Handlers\FileHandler' driver.
INFO - 2024-04-27 10:32:56 --> Session: Class initialized using 'CodeIgniter\Session\Handlers\FileHandler' driver.
INFO - 2024-04-27 10:39:16 --> Session: Class initialized using 'CodeIgniter\Session\Handlers\FileHandler' driver.
INFO - 2024-04-27 10:39:35 --> Session: Class initialized using 'CodeIgniter\Session\Handlers\FileHandler' driver.
INFO - 2024-04-27 10:40:44 --> Session: Class initialized using 'CodeIgniter\Session\Handlers\FileHandler' driver.
CRITICAL - 2024-04-27 10:41:37 --> CodeIgniter\Shield\Authorization\AuthorizationException: users.index is not a valid permission.
in FCPATH\vendor\codeigniter4\shield\src\Authorization\AuthorizationException.php on line 29.
 1 FCPATH\vendor\codeigniter4\shield\src\Authorization\Traits\Authorizable.php(159): CodeIgniter\Shield\Authorization\AuthorizationException::forUnknownPermission('users.index')
 2 APPPATH\Modules\Users\Controllers\Administrator.php(77): CodeIgniter\Shield\Entities\User->addPermission('users.index')
 3 SYSTEMPATH\CodeIgniter.php(943): App\Modules\Users\Controllers\Administrator->add()
 4 SYSTEMPATH\CodeIgniter.php(503): CodeIgniter\CodeIgniter->runController(Object(App\Modules\Users\Controllers\Administrator))
 5 SYSTEMPATH\CodeIgniter.php(361): CodeIgniter\CodeIgniter->handleRequest(null, Object(Config\Cache), false)
 6 FCPATH\index.php(79): CodeIgniter\CodeIgniter->run()
INFO - 2024-04-27 10:41:44 --> Session: Class initialized using 'CodeIgniter\Session\Handlers\FileHandler' driver.
ERROR - 2024-04-27 10:41:46 --> mysqli_sql_exception: Duplicate entry 'Juliani' for key 'username' in E:\xampp\htdocs\project\vendor\codeigniter4\framework\system\Database\MySQLi\Connection.php:306
Stack trace:
#0 E:\xampp\htdocs\project\vendor\codeigniter4\framework\system\Database\MySQLi\Connection.php(306): mysqli->query('INSERT INTO `us...', 0)
#1 E:\xampp\htdocs\project\vendor\codeigniter4\framework\system\Database\BaseConnection.php(693): CodeIgniter\Database\MySQLi\Connection->execute('INSERT INTO `us...')
#2 E:\xampp\htdocs\project\vendor\codeigniter4\framework\system\Database\BaseConnection.php(607): CodeIgniter\Database\BaseConnection->simpleQuery('INSERT INTO `us...')
#3 E:\xampp\htdocs\project\vendor\codeigniter4\framework\system\Database\BaseBuilder.php(2307): CodeIgniter\Database\BaseConnection->query('INSERT INTO `us...', Array, false)
#4 E:\xampp\htdocs\project\vendor\codeigniter4\framework\system\Model.php(327): CodeIgniter\Database\BaseBuilder->insert()
#5 E:\xampp\htdocs\project\vendor\codeigniter4\framework\system\BaseModel.php(805): CodeIgniter\Model->doInsert(Array)
#6 E:\xampp\htdocs\project\vendor\codeigniter4\framework\system\Model.php(749): CodeIgniter\BaseModel->insert(Array, false)
#7 E:\xampp\htdocs\project\vendor\codeigniter4\shield\src\Models\UserModel.php(265): CodeIgniter\Model->insert(Object(CodeIgniter\Shield\Entities\User), false)
#8 E:\xampp\htdocs\project\vendor\codeigniter4\framework\system\BaseModel.php(716): CodeIgniter\Shield\Models\UserModel->insert(Object(CodeIgniter\Shield\Entities\User), false)
#9 E:\xampp\htdocs\project\vendor\codeigniter4\shield\src\Models\UserModel.php(327): CodeIgniter\BaseModel->save(Object(CodeIgniter\Shield\Entities\User))
#10 E:\xampp\htdocs\project\app\Modules\Users\Controllers\Administrator.php(67): CodeIgniter\Shield\Models\UserModel->save(Object(CodeIgniter\Shield\Entities\User))
#11 E:\xampp\htdocs\project\vendor\codeigniter4\framework\system\CodeIgniter.php(943): App\Modules\Users\Controllers\Administrator->add()
#12 E:\xampp\htdocs\project\vendor\codeigniter4\framework\system\CodeIgniter.php(503): CodeIgniter\CodeIgniter->runController(Object(App\Modules\Users\Controllers\Administrator))
#13 E:\xampp\htdocs\project\vendor\codeigniter4\framework\system\CodeIgniter.php(361): CodeIgniter\CodeIgniter->handleRequest(NULL, Object(Config\Cache), false)
#14 E:\xampp\htdocs\project\index.php(79): CodeIgniter\CodeIgniter->run()
#15 {main}
CRITICAL - 2024-04-27 10:41:46 --> CodeIgniter\Database\Exceptions\DatabaseException: Duplicate entry 'Juliani' for key 'username'
in SYSTEMPATH\Database\BaseConnection.php on line 647.
 1 SYSTEMPATH\Database\BaseBuilder.php(2307): CodeIgniter\Database\BaseConnection->query('INSERT INTO `users` (`username`, `created_at`, `updated_at`) VALUES (:username:, :created_at:, :updated_at:)', [...], false)
 2 SYSTEMPATH\Model.php(327): CodeIgniter\Database\BaseBuilder->insert()
 3 SYSTEMPATH\BaseModel.php(805): CodeIgniter\Model->doInsert([...])
 4 SYSTEMPATH\Model.php(749): CodeIgniter\BaseModel->insert([...], false)
 5 FCPATH\vendor\codeigniter4\shield\src\Models\UserModel.php(265): CodeIgniter\Model->insert(Object(CodeIgniter\Shield\Entities\User), false)
 6 SYSTEMPATH\BaseModel.php(716): CodeIgniter\Shield\Models\UserModel->insert(Object(CodeIgniter\Shield\Entities\User), false)
 7 FCPATH\vendor\codeigniter4\shield\src\Models\UserModel.php(327): CodeIgniter\BaseModel->save(Object(CodeIgniter\Shield\Entities\User))
 8 APPPATH\Modules\Users\Controllers\Administrator.php(67): CodeIgniter\Shield\Models\UserModel->save(Object(CodeIgniter\Shield\Entities\User))
 9 SYSTEMPATH\CodeIgniter.php(943): App\Modules\Users\Controllers\Administrator->add()
10 SYSTEMPATH\CodeIgniter.php(503): CodeIgniter\CodeIgniter->runController(Object(App\Modules\Users\Controllers\Administrator))
11 SYSTEMPATH\CodeIgniter.php(361): CodeIgniter\CodeIgniter->handleRequest(null, Object(Config\Cache), false)
12 FCPATH\index.php(79): CodeIgniter\CodeIgniter->run()
CRITICAL - 2024-04-27 10:41:46 --> [Caused by] CodeIgniter\Database\Exceptions\DatabaseException: Duplicate entry 'Juliani' for key 'username'
in SYSTEMPATH\Database\MySQLi\Connection.php on line 311.
 1 SYSTEMPATH\Database\BaseConnection.php(693): CodeIgniter\Database\MySQLi\Connection->execute('INSERT INTO `users` (`username`, `created_at`, `updated_at`) VALUES (\'Juliani\', \'2024-04-27 10:41:45\', \'2024-04-27 10:41:45\')')
 2 SYSTEMPATH\Database\BaseConnection.php(607): CodeIgniter\Database\BaseConnection->simpleQuery('INSERT INTO `users` (`username`, `created_at`, `updated_at`) VALUES (\'Juliani\', \'2024-04-27 10:41:45\', \'2024-04-27 10:41:45\')')
 3 SYSTEMPATH\Database\BaseBuilder.php(2307): CodeIgniter\Database\BaseConnection->query('INSERT INTO `users` (`username`, `created_at`, `updated_at`) VALUES (:username:, :created_at:, :updated_at:)', [...], false)
 4 SYSTEMPATH\Model.php(327): CodeIgniter\Database\BaseBuilder->insert()
 5 SYSTEMPATH\BaseModel.php(805): CodeIgniter\Model->doInsert([...])
 6 SYSTEMPATH\Model.php(749): CodeIgniter\BaseModel->insert([...], false)
 7 FCPATH\vendor\codeigniter4\shield\src\Models\UserModel.php(265): CodeIgniter\Model->insert(Object(CodeIgniter\Shield\Entities\User), false)
 8 SYSTEMPATH\BaseModel.php(716): CodeIgniter\Shield\Models\UserModel->insert(Object(CodeIgniter\Shield\Entities\User), false)
 9 FCPATH\vendor\codeigniter4\shield\src\Models\UserModel.php(327): CodeIgniter\BaseModel->save(Object(CodeIgniter\Shield\Entities\User))
10 APPPATH\Modules\Users\Controllers\Administrator.php(67): CodeIgniter\Shield\Models\UserModel->save(Object(CodeIgniter\Shield\Entities\User))
11 SYSTEMPATH\CodeIgniter.php(943): App\Modules\Users\Controllers\Administrator->add()
12 SYSTEMPATH\CodeIgniter.php(503): CodeIgniter\CodeIgniter->runController(Object(App\Modules\Users\Controllers\Administrator))
13 SYSTEMPATH\CodeIgniter.php(361): CodeIgniter\CodeIgniter->handleRequest(null, Object(Config\Cache), false)
14 FCPATH\index.php(79): CodeIgniter\CodeIgniter->run()
CRITICAL - 2024-04-27 10:41:46 --> [Caused by] mysqli_sql_exception: Duplicate entry 'Juliani' for key 'username'
in SYSTEMPATH\Database\MySQLi\Connection.php on line 306.
 1 SYSTEMPATH\Database\MySQLi\Connection.php(306): mysqli->query('INSERT INTO `users` (`username`, `created_at`, `updated_at`) VALUES (\'Juliani\', \'2024-04-27 10:41:45\', \'2024-04-27 10:41:45\')', 0)
 2 SYSTEMPATH\Database\BaseConnection.php(693): CodeIgniter\Database\MySQLi\Connection->execute('INSERT INTO `users` (`username`, `created_at`, `updated_at`) VALUES (\'Juliani\', \'2024-04-27 10:41:45\', \'2024-04-27 10:41:45\')')
 3 SYSTEMPATH\Database\BaseConnection.php(607): CodeIgniter\Database\BaseConnection->simpleQuery('INSERT INTO `users` (`username`, `created_at`, `updated_at`) VALUES (\'Juliani\', \'2024-04-27 10:41:45\', \'2024-04-27 10:41:45\')')
 4 SYSTEMPATH\Database\BaseBuilder.php(2307): CodeIgniter\Database\BaseConnection->query('INSERT INTO `users` (`username`, `created_at`, `updated_at`) VALUES (:username:, :created_at:, :updated_at:)', [...], false)
 5 SYSTEMPATH\Model.php(327): CodeIgniter\Database\BaseBuilder->insert()
 6 SYSTEMPATH\BaseModel.php(805): CodeIgniter\Model->doInsert([...])
 7 SYSTEMPATH\Model.php(749): CodeIgniter\BaseModel->insert([...], false)
 8 FCPATH\vendor\codeigniter4\shield\src\Models\UserModel.php(265): CodeIgniter\Model->insert(Object(CodeIgniter\Shield\Entities\User), false)
 9 SYSTEMPATH\BaseModel.php(716): CodeIgniter\Shield\Models\UserModel->insert(Object(CodeIgniter\Shield\Entities\User), false)
10 FCPATH\vendor\codeigniter4\shield\src\Models\UserModel.php(327): CodeIgniter\BaseModel->save(Object(CodeIgniter\Shield\Entities\User))
11 APPPATH\Modules\Users\Controllers\Administrator.php(67): CodeIgniter\Shield\Models\UserModel->save(Object(CodeIgniter\Shield\Entities\User))
12 SYSTEMPATH\CodeIgniter.php(943): App\Modules\Users\Controllers\Administrator->add()
13 SYSTEMPATH\CodeIgniter.php(503): CodeIgniter\CodeIgniter->runController(Object(App\Modules\Users\Controllers\Administrator))
14 SYSTEMPATH\CodeIgniter.php(361): CodeIgniter\CodeIgniter->handleRequest(null, Object(Config\Cache), false)
15 FCPATH\index.php(79): CodeIgniter\CodeIgniter->run()
INFO - 2024-04-27 10:41:47 --> Session: Class initialized using 'CodeIgniter\Session\Handlers\FileHandler' driver.
ERROR - 2024-04-27 10:41:47 --> mysqli_sql_exception: Duplicate entry 'Juliani' for key 'username' in E:\xampp\htdocs\project\vendor\codeigniter4\framework\system\Database\MySQLi\Connection.php:306
Stack trace:
#0 E:\xampp\htdocs\project\vendor\codeigniter4\framework\system\Database\MySQLi\Connection.php(306): mysqli->query('INSERT INTO `us...', 0)
#1 E:\xampp\htdocs\project\vendor\codeigniter4\framework\system\Database\BaseConnection.php(693): CodeIgniter\Database\MySQLi\Connection->execute('INSERT INTO `us...')
#2 E:\xampp\htdocs\project\vendor\codeigniter4\framework\system\Database\BaseConnection.php(607): CodeIgniter\Database\BaseConnection->simpleQuery('INSERT INTO `us...')
#3 E:\xampp\htdocs\project\vendor\codeigniter4\framework\system\Database\BaseBuilder.php(2307): CodeIgniter\Database\BaseConnection->query('INSERT INTO `us...', Array, false)
#4 E:\xampp\htdocs\project\vendor\codeigniter4\framework\system\Model.php(327): CodeIgniter\Database\BaseBuilder->insert()
#5 E:\xampp\htdocs\project\vendor\codeigniter4\framework\system\BaseModel.php(805): CodeIgniter\Model->doInsert(Array)
#6 E:\xampp\htdocs\project\vendor\codeigniter4\framework\system\Model.php(749): CodeIgniter\BaseModel->insert(Array, false)
#7 E:\xampp\htdocs\project\vendor\codeigniter4\shield\src\Models\UserModel.php(265): CodeIgniter\Model->insert(Object(CodeIgniter\Shield\Entities\User), false)
#8 E:\xampp\htdocs\project\vendor\codeigniter4\framework\system\BaseModel.php(716): CodeIgniter\Shield\Models\UserModel->insert(Object(CodeIgniter\Shield\Entities\User), false)
#9 E:\xampp\htdocs\project\vendor\codeigniter4\shield\src\Models\UserModel.php(327): CodeIgniter\BaseModel->save(Object(CodeIgniter\Shield\Entities\User))
#10 E:\xampp\htdocs\project\app\Modules\Users\Controllers\Administrator.php(67): CodeIgniter\Shield\Models\UserModel->save(Object(CodeIgniter\Shield\Entities\User))
#11 E:\xampp\htdocs\project\vendor\codeigniter4\framework\system\CodeIgniter.php(943): App\Modules\Users\Controllers\Administrator->add()
#12 E:\xampp\htdocs\project\vendor\codeigniter4\framework\system\CodeIgniter.php(503): CodeIgniter\CodeIgniter->runController(Object(App\Modules\Users\Controllers\Administrator))
#13 E:\xampp\htdocs\project\vendor\codeigniter4\framework\system\CodeIgniter.php(361): CodeIgniter\CodeIgniter->handleRequest(NULL, Object(Config\Cache), false)
#14 E:\xampp\htdocs\project\index.php(79): CodeIgniter\CodeIgniter->run()
#15 {main}
CRITICAL - 2024-04-27 10:41:47 --> CodeIgniter\Database\Exceptions\DatabaseException: Duplicate entry 'Juliani' for key 'username'
in SYSTEMPATH\Database\BaseConnection.php on line 647.
 1 SYSTEMPATH\Database\BaseBuilder.php(2307): CodeIgniter\Database\BaseConnection->query('INSERT INTO `users` (`username`, `created_at`, `updated_at`) VALUES (:username:, :created_at:, :updated_at:)', [...], false)
 2 SYSTEMPATH\Model.php(327): CodeIgniter\Database\BaseBuilder->insert()
 3 SYSTEMPATH\BaseModel.php(805): CodeIgniter\Model->doInsert([...])
 4 SYSTEMPATH\Model.php(749): CodeIgniter\BaseModel->insert([...], false)
 5 FCPATH\vendor\codeigniter4\shield\src\Models\UserModel.php(265): CodeIgniter\Model->insert(Object(CodeIgniter\Shield\Entities\User), false)
 6 SYSTEMPATH\BaseModel.php(716): CodeIgniter\Shield\Models\UserModel->insert(Object(CodeIgniter\Shield\Entities\User), false)
 7 FCPATH\vendor\codeigniter4\shield\src\Models\UserModel.php(327): CodeIgniter\BaseModel->save(Object(CodeIgniter\Shield\Entities\User))
 8 APPPATH\Modules\Users\Controllers\Administrator.php(67): CodeIgniter\Shield\Models\UserModel->save(Object(CodeIgniter\Shield\Entities\User))
 9 SYSTEMPATH\CodeIgniter.php(943): App\Modules\Users\Controllers\Administrator->add()
10 SYSTEMPATH\CodeIgniter.php(503): CodeIgniter\CodeIgniter->runController(Object(App\Modules\Users\Controllers\Administrator))
11 SYSTEMPATH\CodeIgniter.php(361): CodeIgniter\CodeIgniter->handleRequest(null, Object(Config\Cache), false)
12 FCPATH\index.php(79): CodeIgniter\CodeIgniter->run()
CRITICAL - 2024-04-27 10:41:47 --> [Caused by] CodeIgniter\Database\Exceptions\DatabaseException: Duplicate entry 'Juliani' for key 'username'
in SYSTEMPATH\Database\MySQLi\Connection.php on line 311.
 1 SYSTEMPATH\Database\BaseConnection.php(693): CodeIgniter\Database\MySQLi\Connection->execute('INSERT INTO `users` (`username`, `created_at`, `updated_at`) VALUES (\'Juliani\', \'2024-04-27 10:41:47\', \'2024-04-27 10:41:47\')')
 2 SYSTEMPATH\Database\BaseConnection.php(607): CodeIgniter\Database\BaseConnection->simpleQuery('INSERT INTO `users` (`username`, `created_at`, `updated_at`) VALUES (\'Juliani\', \'2024-04-27 10:41:47\', \'2024-04-27 10:41:47\')')
 3 SYSTEMPATH\Database\BaseBuilder.php(2307): CodeIgniter\Database\BaseConnection->query('INSERT INTO `users` (`username`, `created_at`, `updated_at`) VALUES (:username:, :created_at:, :updated_at:)', [...], false)
 4 SYSTEMPATH\Model.php(327): CodeIgniter\Database\BaseBuilder->insert()
 5 SYSTEMPATH\BaseModel.php(805): CodeIgniter\Model->doInsert([...])
 6 SYSTEMPATH\Model.php(749): CodeIgniter\BaseModel->insert([...], false)
 7 FCPATH\vendor\codeigniter4\shield\src\Models\UserModel.php(265): CodeIgniter\Model->insert(Object(CodeIgniter\Shield\Entities\User), false)
 8 SYSTEMPATH\BaseModel.php(716): CodeIgniter\Shield\Models\UserModel->insert(Object(CodeIgniter\Shield\Entities\User), false)
 9 FCPATH\vendor\codeigniter4\shield\src\Models\UserModel.php(327): CodeIgniter\BaseModel->save(Object(CodeIgniter\Shield\Entities\User))
10 APPPATH\Modules\Users\Controllers\Administrator.php(67): CodeIgniter\Shield\Models\UserModel->save(Object(CodeIgniter\Shield\Entities\User))
11 SYSTEMPATH\CodeIgniter.php(943): App\Modules\Users\Controllers\Administrator->add()
12 SYSTEMPATH\CodeIgniter.php(503): CodeIgniter\CodeIgniter->runController(Object(App\Modules\Users\Controllers\Administrator))
13 SYSTEMPATH\CodeIgniter.php(361): CodeIgniter\CodeIgniter->handleRequest(null, Object(Config\Cache), false)
14 FCPATH\index.php(79): CodeIgniter\CodeIgniter->run()
CRITICAL - 2024-04-27 10:41:47 --> [Caused by] mysqli_sql_exception: Duplicate entry 'Juliani' for key 'username'
in SYSTEMPATH\Database\MySQLi\Connection.php on line 306.
 1 SYSTEMPATH\Database\MySQLi\Connection.php(306): mysqli->query('INSERT INTO `users` (`username`, `created_at`, `updated_at`) VALUES (\'Juliani\', \'2024-04-27 10:41:47\', \'2024-04-27 10:41:47\')', 0)
 2 SYSTEMPATH\Database\BaseConnection.php(693): CodeIgniter\Database\MySQLi\Connection->execute('INSERT INTO `users` (`username`, `created_at`, `updated_at`) VALUES (\'Juliani\', \'2024-04-27 10:41:47\', \'2024-04-27 10:41:47\')')
 3 SYSTEMPATH\Database\BaseConnection.php(607): CodeIgniter\Database\BaseConnection->simpleQuery('INSERT INTO `users` (`username`, `created_at`, `updated_at`) VALUES (\'Juliani\', \'2024-04-27 10:41:47\', \'2024-04-27 10:41:47\')')
 4 SYSTEMPATH\Database\BaseBuilder.php(2307): CodeIgniter\Database\BaseConnection->query('INSERT INTO `users` (`username`, `created_at`, `updated_at`) VALUES (:username:, :created_at:, :updated_at:)', [...], false)
 5 SYSTEMPATH\Model.php(327): CodeIgniter\Database\BaseBuilder->insert()
 6 SYSTEMPATH\BaseModel.php(805): CodeIgniter\Model->doInsert([...])
 7 SYSTEMPATH\Model.php(749): CodeIgniter\BaseModel->insert([...], false)
 8 FCPATH\vendor\codeigniter4\shield\src\Models\UserModel.php(265): CodeIgniter\Model->insert(Object(CodeIgniter\Shield\Entities\User), false)
 9 SYSTEMPATH\BaseModel.php(716): CodeIgniter\Shield\Models\UserModel->insert(Object(CodeIgniter\Shield\Entities\User), false)
10 FCPATH\vendor\codeigniter4\shield\src\Models\UserModel.php(327): CodeIgniter\BaseModel->save(Object(CodeIgniter\Shield\Entities\User))
11 APPPATH\Modules\Users\Controllers\Administrator.php(67): CodeIgniter\Shield\Models\UserModel->save(Object(CodeIgniter\Shield\Entities\User))
12 SYSTEMPATH\CodeIgniter.php(943): App\Modules\Users\Controllers\Administrator->add()
13 SYSTEMPATH\CodeIgniter.php(503): CodeIgniter\CodeIgniter->runController(Object(App\Modules\Users\Controllers\Administrator))
14 SYSTEMPATH\CodeIgniter.php(361): CodeIgniter\CodeIgniter->handleRequest(null, Object(Config\Cache), false)
15 FCPATH\index.php(79): CodeIgniter\CodeIgniter->run()
INFO - 2024-04-27 10:41:47 --> Session: Class initialized using 'CodeIgniter\Session\Handlers\FileHandler' driver.
ERROR - 2024-04-27 10:41:48 --> mysqli_sql_exception: Duplicate entry 'Juliani' for key 'username' in E:\xampp\htdocs\project\vendor\codeigniter4\framework\system\Database\MySQLi\Connection.php:306
Stack trace:
#0 E:\xampp\htdocs\project\vendor\codeigniter4\framework\system\Database\MySQLi\Connection.php(306): mysqli->query('INSERT INTO `us...', 0)
#1 E:\xampp\htdocs\project\vendor\codeigniter4\framework\system\Database\BaseConnection.php(693): CodeIgniter\Database\MySQLi\Connection->execute('INSERT INTO `us...')
#2 E:\xampp\htdocs\project\vendor\codeigniter4\framework\system\Database\BaseConnection.php(607): CodeIgniter\Database\BaseConnection->simpleQuery('INSERT INTO `us...')
#3 E:\xampp\htdocs\project\vendor\codeigniter4\framework\system\Database\BaseBuilder.php(2307): CodeIgniter\Database\BaseConnection->query('INSERT INTO `us...', Array, false)
#4 E:\xampp\htdocs\project\vendor\codeigniter4\framework\system\Model.php(327): CodeIgniter\Database\BaseBuilder->insert()
#5 E:\xampp\htdocs\project\vendor\codeigniter4\framework\system\BaseModel.php(805): CodeIgniter\Model->doInsert(Array)
#6 E:\xampp\htdocs\project\vendor\codeigniter4\framework\system\Model.php(749): CodeIgniter\BaseModel->insert(Array, false)
#7 E:\xampp\htdocs\project\vendor\codeigniter4\shield\src\Models\UserModel.php(265): CodeIgniter\Model->insert(Object(CodeIgniter\Shield\Entities\User), false)
#8 E:\xampp\htdocs\project\vendor\codeigniter4\framework\system\BaseModel.php(716): CodeIgniter\Shield\Models\UserModel->insert(Object(CodeIgniter\Shield\Entities\User), false)
#9 E:\xampp\htdocs\project\vendor\codeigniter4\shield\src\Models\UserModel.php(327): CodeIgniter\BaseModel->save(Object(CodeIgniter\Shield\Entities\User))
#10 E:\xampp\htdocs\project\app\Modules\Users\Controllers\Administrator.php(67): CodeIgniter\Shield\Models\UserModel->save(Object(CodeIgniter\Shield\Entities\User))
#11 E:\xampp\htdocs\project\vendor\codeigniter4\framework\system\CodeIgniter.php(943): App\Modules\Users\Controllers\Administrator->add()
#12 E:\xampp\htdocs\project\vendor\codeigniter4\framework\system\CodeIgniter.php(503): CodeIgniter\CodeIgniter->runController(Object(App\Modules\Users\Controllers\Administrator))
#13 E:\xampp\htdocs\project\vendor\codeigniter4\framework\system\CodeIgniter.php(361): CodeIgniter\CodeIgniter->handleRequest(NULL, Object(Config\Cache), false)
#14 E:\xampp\htdocs\project\index.php(79): CodeIgniter\CodeIgniter->run()
#15 {main}
CRITICAL - 2024-04-27 10:41:48 --> CodeIgniter\Database\Exceptions\DatabaseException: Duplicate entry 'Juliani' for key 'username'
in SYSTEMPATH\Database\BaseConnection.php on line 647.
 1 SYSTEMPATH\Database\BaseBuilder.php(2307): CodeIgniter\Database\BaseConnection->query('INSERT INTO `users` (`username`, `created_at`, `updated_at`) VALUES (:username:, :created_at:, :updated_at:)', [...], false)
 2 SYSTEMPATH\Model.php(327): CodeIgniter\Database\BaseBuilder->insert()
 3 SYSTEMPATH\BaseModel.php(805): CodeIgniter\Model->doInsert([...])
 4 SYSTEMPATH\Model.php(749): CodeIgniter\BaseModel->insert([...], false)
 5 FCPATH\vendor\codeigniter4\shield\src\Models\UserModel.php(265): CodeIgniter\Model->insert(Object(CodeIgniter\Shield\Entities\User), false)
 6 SYSTEMPATH\BaseModel.php(716): CodeIgniter\Shield\Models\UserModel->insert(Object(CodeIgniter\Shield\Entities\User), false)
 7 FCPATH\vendor\codeigniter4\shield\src\Models\UserModel.php(327): CodeIgniter\BaseModel->save(Object(CodeIgniter\Shield\Entities\User))
 8 APPPATH\Modules\Users\Controllers\Administrator.php(67): CodeIgniter\Shield\Models\UserModel->save(Object(CodeIgniter\Shield\Entities\User))
 9 SYSTEMPATH\CodeIgniter.php(943): App\Modules\Users\Controllers\Administrator->add()
10 SYSTEMPATH\CodeIgniter.php(503): CodeIgniter\CodeIgniter->runController(Object(App\Modules\Users\Controllers\Administrator))
11 SYSTEMPATH\CodeIgniter.php(361): CodeIgniter\CodeIgniter->handleRequest(null, Object(Config\Cache), false)
12 FCPATH\index.php(79): CodeIgniter\CodeIgniter->run()
CRITICAL - 2024-04-27 10:41:48 --> [Caused by] CodeIgniter\Database\Exceptions\DatabaseException: Duplicate entry 'Juliani' for key 'username'
in SYSTEMPATH\Database\MySQLi\Connection.php on line 311.
 1 SYSTEMPATH\Database\BaseConnection.php(693): CodeIgniter\Database\MySQLi\Connection->execute('INSERT INTO `users` (`username`, `created_at`, `updated_at`) VALUES (\'Juliani\', \'2024-04-27 10:41:47\', \'2024-04-27 10:41:47\')')
 2 SYSTEMPATH\Database\BaseConnection.php(607): CodeIgniter\Database\BaseConnection->simpleQuery('INSERT INTO `users` (`username`, `created_at`, `updated_at`) VALUES (\'Juliani\', \'2024-04-27 10:41:47\', \'2024-04-27 10:41:47\')')
 3 SYSTEMPATH\Database\BaseBuilder.php(2307): CodeIgniter\Database\BaseConnection->query('INSERT INTO `users` (`username`, `created_at`, `updated_at`) VALUES (:username:, :created_at:, :updated_at:)', [...], false)
 4 SYSTEMPATH\Model.php(327): CodeIgniter\Database\BaseBuilder->insert()
 5 SYSTEMPATH\BaseModel.php(805): CodeIgniter\Model->doInsert([...])
 6 SYSTEMPATH\Model.php(749): CodeIgniter\BaseModel->insert([...], false)
 7 FCPATH\vendor\codeigniter4\shield\src\Models\UserModel.php(265): CodeIgniter\Model->insert(Object(CodeIgniter\Shield\Entities\User), false)
 8 SYSTEMPATH\BaseModel.php(716): CodeIgniter\Shield\Models\UserModel->insert(Object(CodeIgniter\Shield\Entities\User), false)
 9 FCPATH\vendor\codeigniter4\shield\src\Models\UserModel.php(327): CodeIgniter\BaseModel->save(Object(CodeIgniter\Shield\Entities\User))
10 APPPATH\Modules\Users\Controllers\Administrator.php(67): CodeIgniter\Shield\Models\UserModel->save(Object(CodeIgniter\Shield\Entities\User))
11 SYSTEMPATH\CodeIgniter.php(943): App\Modules\Users\Controllers\Administrator->add()
12 SYSTEMPATH\CodeIgniter.php(503): CodeIgniter\CodeIgniter->runController(Object(App\Modules\Users\Controllers\Administrator))
13 SYSTEMPATH\CodeIgniter.php(361): CodeIgniter\CodeIgniter->handleRequest(null, Object(Config\Cache), false)
14 FCPATH\index.php(79): CodeIgniter\CodeIgniter->run()
CRITICAL - 2024-04-27 10:41:48 --> [Caused by] mysqli_sql_exception: Duplicate entry 'Juliani' for key 'username'
in SYSTEMPATH\Database\MySQLi\Connection.php on line 306.
 1 SYSTEMPATH\Database\MySQLi\Connection.php(306): mysqli->query('INSERT INTO `users` (`username`, `created_at`, `updated_at`) VALUES (\'Juliani\', \'2024-04-27 10:41:47\', \'2024-04-27 10:41:47\')', 0)
 2 SYSTEMPATH\Database\BaseConnection.php(693): CodeIgniter\Database\MySQLi\Connection->execute('INSERT INTO `users` (`username`, `created_at`, `updated_at`) VALUES (\'Juliani\', \'2024-04-27 10:41:47\', \'2024-04-27 10:41:47\')')
 3 SYSTEMPATH\Database\BaseConnection.php(607): CodeIgniter\Database\BaseConnection->simpleQuery('INSERT INTO `users` (`username`, `created_at`, `updated_at`) VALUES (\'Juliani\', \'2024-04-27 10:41:47\', \'2024-04-27 10:41:47\')')
 4 SYSTEMPATH\Database\BaseBuilder.php(2307): CodeIgniter\Database\BaseConnection->query('INSERT INTO `users` (`username`, `created_at`, `updated_at`) VALUES (:username:, :created_at:, :updated_at:)', [...], false)
 5 SYSTEMPATH\Model.php(327): CodeIgniter\Database\BaseBuilder->insert()
 6 SYSTEMPATH\BaseModel.php(805): CodeIgniter\Model->doInsert([...])
 7 SYSTEMPATH\Model.php(749): CodeIgniter\BaseModel->insert([...], false)
 8 FCPATH\vendor\codeigniter4\shield\src\Models\UserModel.php(265): CodeIgniter\Model->insert(Object(CodeIgniter\Shield\Entities\User), false)
 9 SYSTEMPATH\BaseModel.php(716): CodeIgniter\Shield\Models\UserModel->insert(Object(CodeIgniter\Shield\Entities\User), false)
10 FCPATH\vendor\codeigniter4\shield\src\Models\UserModel.php(327): CodeIgniter\BaseModel->save(Object(CodeIgniter\Shield\Entities\User))
11 APPPATH\Modules\Users\Controllers\Administrator.php(67): CodeIgniter\Shield\Models\UserModel->save(Object(CodeIgniter\Shield\Entities\User))
12 SYSTEMPATH\CodeIgniter.php(943): App\Modules\Users\Controllers\Administrator->add()
13 SYSTEMPATH\CodeIgniter.php(503): CodeIgniter\CodeIgniter->runController(Object(App\Modules\Users\Controllers\Administrator))
14 SYSTEMPATH\CodeIgniter.php(361): CodeIgniter\CodeIgniter->handleRequest(null, Object(Config\Cache), false)
15 FCPATH\index.php(79): CodeIgniter\CodeIgniter->run()
INFO - 2024-04-27 10:41:48 --> Session: Class initialized using 'CodeIgniter\Session\Handlers\FileHandler' driver.
ERROR - 2024-04-27 10:41:48 --> mysqli_sql_exception: Duplicate entry 'Juliani' for key 'username' in E:\xampp\htdocs\project\vendor\codeigniter4\framework\system\Database\MySQLi\Connection.php:306
Stack trace:
#0 E:\xampp\htdocs\project\vendor\codeigniter4\framework\system\Database\MySQLi\Connection.php(306): mysqli->query('INSERT INTO `us...', 0)
#1 E:\xampp\htdocs\project\vendor\codeigniter4\framework\system\Database\BaseConnection.php(693): CodeIgniter\Database\MySQLi\Connection->execute('INSERT INTO `us...')
#2 E:\xampp\htdocs\project\vendor\codeigniter4\framework\system\Database\BaseConnection.php(607): CodeIgniter\Database\BaseConnection->simpleQuery('INSERT INTO `us...')
#3 E:\xampp\htdocs\project\vendor\codeigniter4\framework\system\Database\BaseBuilder.php(2307): CodeIgniter\Database\BaseConnection->query('INSERT INTO `us...', Array, false)
#4 E:\xampp\htdocs\project\vendor\codeigniter4\framework\system\Model.php(327): CodeIgniter\Database\BaseBuilder->insert()
#5 E:\xampp\htdocs\project\vendor\codeigniter4\framework\system\BaseModel.php(805): CodeIgniter\Model->doInsert(Array)
#6 E:\xampp\htdocs\project\vendor\codeigniter4\framework\system\Model.php(749): CodeIgniter\BaseModel->insert(Array, false)
#7 E:\xampp\htdocs\project\vendor\codeigniter4\shield\src\Models\UserModel.php(265): CodeIgniter\Model->insert(Object(CodeIgniter\Shield\Entities\User), false)
#8 E:\xampp\htdocs\project\vendor\codeigniter4\framework\system\BaseModel.php(716): CodeIgniter\Shield\Models\UserModel->insert(Object(CodeIgniter\Shield\Entities\User), false)
#9 E:\xampp\htdocs\project\vendor\codeigniter4\shield\src\Models\UserModel.php(327): CodeIgniter\BaseModel->save(Object(CodeIgniter\Shield\Entities\User))
#10 E:\xampp\htdocs\project\app\Modules\Users\Controllers\Administrator.php(67): CodeIgniter\Shield\Models\UserModel->save(Object(CodeIgniter\Shield\Entities\User))
#11 E:\xampp\htdocs\project\vendor\codeigniter4\framework\system\CodeIgniter.php(943): App\Modules\Users\Controllers\Administrator->add()
#12 E:\xampp\htdocs\project\vendor\codeigniter4\framework\system\CodeIgniter.php(503): CodeIgniter\CodeIgniter->runController(Object(App\Modules\Users\Controllers\Administrator))
#13 E:\xampp\htdocs\project\vendor\codeigniter4\framework\system\CodeIgniter.php(361): CodeIgniter\CodeIgniter->handleRequest(NULL, Object(Config\Cache), false)
#14 E:\xampp\htdocs\project\index.php(79): CodeIgniter\CodeIgniter->run()
#15 {main}
CRITICAL - 2024-04-27 10:41:48 --> CodeIgniter\Database\Exceptions\DatabaseException: Duplicate entry 'Juliani' for key 'username'
in SYSTEMPATH\Database\BaseConnection.php on line 647.
 1 SYSTEMPATH\Database\BaseBuilder.php(2307): CodeIgniter\Database\BaseConnection->query('INSERT INTO `users` (`username`, `created_at`, `updated_at`) VALUES (:username:, :created_at:, :updated_at:)', [...], false)
 2 SYSTEMPATH\Model.php(327): CodeIgniter\Database\BaseBuilder->insert()
 3 SYSTEMPATH\BaseModel.php(805): CodeIgniter\Model->doInsert([...])
 4 SYSTEMPATH\Model.php(749): CodeIgniter\BaseModel->insert([...], false)
 5 FCPATH\vendor\codeigniter4\shield\src\Models\UserModel.php(265): CodeIgniter\Model->insert(Object(CodeIgniter\Shield\Entities\User), false)
 6 SYSTEMPATH\BaseModel.php(716): CodeIgniter\Shield\Models\UserModel->insert(Object(CodeIgniter\Shield\Entities\User), false)
 7 FCPATH\vendor\codeigniter4\shield\src\Models\UserModel.php(327): CodeIgniter\BaseModel->save(Object(CodeIgniter\Shield\Entities\User))
 8 APPPATH\Modules\Users\Controllers\Administrator.php(67): CodeIgniter\Shield\Models\UserModel->save(Object(CodeIgniter\Shield\Entities\User))
 9 SYSTEMPATH\CodeIgniter.php(943): App\Modules\Users\Controllers\Administrator->add()
10 SYSTEMPATH\CodeIgniter.php(503): CodeIgniter\CodeIgniter->runController(Object(App\Modules\Users\Controllers\Administrator))
11 SYSTEMPATH\CodeIgniter.php(361): CodeIgniter\CodeIgniter->handleRequest(null, Object(Config\Cache), false)
12 FCPATH\index.php(79): CodeIgniter\CodeIgniter->run()
CRITICAL - 2024-04-27 10:41:48 --> [Caused by] CodeIgniter\Database\Exceptions\DatabaseException: Duplicate entry 'Juliani' for key 'username'
in SYSTEMPATH\Database\MySQLi\Connection.php on line 311.
 1 SYSTEMPATH\Database\BaseConnection.php(693): CodeIgniter\Database\MySQLi\Connection->execute('INSERT INTO `users` (`username`, `created_at`, `updated_at`) VALUES (\'Juliani\', \'2024-04-27 10:41:48\', \'2024-04-27 10:41:48\')')
 2 SYSTEMPATH\Database\BaseConnection.php(607): CodeIgniter\Database\BaseConnection->simpleQuery('INSERT INTO `users` (`username`, `created_at`, `updated_at`) VALUES (\'Juliani\', \'2024-04-27 10:41:48\', \'2024-04-27 10:41:48\')')
 3 SYSTEMPATH\Database\BaseBuilder.php(2307): CodeIgniter\Database\BaseConnection->query('INSERT INTO `users` (`username`, `created_at`, `updated_at`) VALUES (:username:, :created_at:, :updated_at:)', [...], false)
 4 SYSTEMPATH\Model.php(327): CodeIgniter\Database\BaseBuilder->insert()
 5 SYSTEMPATH\BaseModel.php(805): CodeIgniter\Model->doInsert([...])
 6 SYSTEMPATH\Model.php(749): CodeIgniter\BaseModel->insert([...], false)
 7 FCPATH\vendor\codeigniter4\shield\src\Models\UserModel.php(265): CodeIgniter\Model->insert(Object(CodeIgniter\Shield\Entities\User), false)
 8 SYSTEMPATH\BaseModel.php(716): CodeIgniter\Shield\Models\UserModel->insert(Object(CodeIgniter\Shield\Entities\User), false)
 9 FCPATH\vendor\codeigniter4\shield\src\Models\UserModel.php(327): CodeIgniter\BaseModel->save(Object(CodeIgniter\Shield\Entities\User))
10 APPPATH\Modules\Users\Controllers\Administrator.php(67): CodeIgniter\Shield\Models\UserModel->save(Object(CodeIgniter\Shield\Entities\User))
11 SYSTEMPATH\CodeIgniter.php(943): App\Modules\Users\Controllers\Administrator->add()
12 SYSTEMPATH\CodeIgniter.php(503): CodeIgniter\CodeIgniter->runController(Object(App\Modules\Users\Controllers\Administrator))
13 SYSTEMPATH\CodeIgniter.php(361): CodeIgniter\CodeIgniter->handleRequest(null, Object(Config\Cache), false)
14 FCPATH\index.php(79): CodeIgniter\CodeIgniter->run()
CRITICAL - 2024-04-27 10:41:48 --> [Caused by] mysqli_sql_exception: Duplicate entry 'Juliani' for key 'username'
in SYSTEMPATH\Database\MySQLi\Connection.php on line 306.
 1 SYSTEMPATH\Database\MySQLi\Connection.php(306): mysqli->query('INSERT INTO `users` (`username`, `created_at`, `updated_at`) VALUES (\'Juliani\', \'2024-04-27 10:41:48\', \'2024-04-27 10:41:48\')', 0)
 2 SYSTEMPATH\Database\BaseConnection.php(693): CodeIgniter\Database\MySQLi\Connection->execute('INSERT INTO `users` (`username`, `created_at`, `updated_at`) VALUES (\'Juliani\', \'2024-04-27 10:41:48\', \'2024-04-27 10:41:48\')')
 3 SYSTEMPATH\Database\BaseConnection.php(607): CodeIgniter\Database\BaseConnection->simpleQuery('INSERT INTO `users` (`username`, `created_at`, `updated_at`) VALUES (\'Juliani\', \'2024-04-27 10:41:48\', \'2024-04-27 10:41:48\')')
 4 SYSTEMPATH\Database\BaseBuilder.php(2307): CodeIgniter\Database\BaseConnection->query('INSERT INTO `users` (`username`, `created_at`, `updated_at`) VALUES (:username:, :created_at:, :updated_at:)', [...], false)
 5 SYSTEMPATH\Model.php(327): CodeIgniter\Database\BaseBuilder->insert()
 6 SYSTEMPATH\BaseModel.php(805): CodeIgniter\Model->doInsert([...])
 7 SYSTEMPATH\Model.php(749): CodeIgniter\BaseModel->insert([...], false)
 8 FCPATH\vendor\codeigniter4\shield\src\Models\UserModel.php(265): CodeIgniter\Model->insert(Object(CodeIgniter\Shield\Entities\User), false)
 9 SYSTEMPATH\BaseModel.php(716): CodeIgniter\Shield\Models\UserModel->insert(Object(CodeIgniter\Shield\Entities\User), false)
10 FCPATH\vendor\codeigniter4\shield\src\Models\UserModel.php(327): CodeIgniter\BaseModel->save(Object(CodeIgniter\Shield\Entities\User))
11 APPPATH\Modules\Users\Controllers\Administrator.php(67): CodeIgniter\Shield\Models\UserModel->save(Object(CodeIgniter\Shield\Entities\User))
12 SYSTEMPATH\CodeIgniter.php(943): App\Modules\Users\Controllers\Administrator->add()
13 SYSTEMPATH\CodeIgniter.php(503): CodeIgniter\CodeIgniter->runController(Object(App\Modules\Users\Controllers\Administrator))
14 SYSTEMPATH\CodeIgniter.php(361): CodeIgniter\CodeIgniter->handleRequest(null, Object(Config\Cache), false)
15 FCPATH\index.php(79): CodeIgniter\CodeIgniter->run()
INFO - 2024-04-27 10:41:49 --> Session: Class initialized using 'CodeIgniter\Session\Handlers\FileHandler' driver.
ERROR - 2024-04-27 10:41:49 --> mysqli_sql_exception: Duplicate entry 'Juliani' for key 'username' in E:\xampp\htdocs\project\vendor\codeigniter4\framework\system\Database\MySQLi\Connection.php:306
Stack trace:
#0 E:\xampp\htdocs\project\vendor\codeigniter4\framework\system\Database\MySQLi\Connection.php(306): mysqli->query('INSERT INTO `us...', 0)
#1 E:\xampp\htdocs\project\vendor\codeigniter4\framework\system\Database\BaseConnection.php(693): CodeIgniter\Database\MySQLi\Connection->execute('INSERT INTO `us...')
#2 E:\xampp\htdocs\project\vendor\codeigniter4\framework\system\Database\BaseConnection.php(607): CodeIgniter\Database\BaseConnection->simpleQuery('INSERT INTO `us...')
#3 E:\xampp\htdocs\project\vendor\codeigniter4\framework\system\Database\BaseBuilder.php(2307): CodeIgniter\Database\BaseConnection->query('INSERT INTO `us...', Array, false)
#4 E:\xampp\htdocs\project\vendor\codeigniter4\framework\system\Model.php(327): CodeIgniter\Database\BaseBuilder->insert()
#5 E:\xampp\htdocs\project\vendor\codeigniter4\framework\system\BaseModel.php(805): CodeIgniter\Model->doInsert(Array)
#6 E:\xampp\htdocs\project\vendor\codeigniter4\framework\system\Model.php(749): CodeIgniter\BaseModel->insert(Array, false)
#7 E:\xampp\htdocs\project\vendor\codeigniter4\shield\src\Models\UserModel.php(265): CodeIgniter\Model->insert(Object(CodeIgniter\Shield\Entities\User), false)
#8 E:\xampp\htdocs\project\vendor\codeigniter4\framework\system\BaseModel.php(716): CodeIgniter\Shield\Models\UserModel->insert(Object(CodeIgniter\Shield\Entities\User), false)
#9 E:\xampp\htdocs\project\vendor\codeigniter4\shield\src\Models\UserModel.php(327): CodeIgniter\BaseModel->save(Object(CodeIgniter\Shield\Entities\User))
#10 E:\xampp\htdocs\project\app\Modules\Users\Controllers\Administrator.php(67): CodeIgniter\Shield\Models\UserModel->save(Object(CodeIgniter\Shield\Entities\User))
#11 E:\xampp\htdocs\project\vendor\codeigniter4\framework\system\CodeIgniter.php(943): App\Modules\Users\Controllers\Administrator->add()
#12 E:\xampp\htdocs\project\vendor\codeigniter4\framework\system\CodeIgniter.php(503): CodeIgniter\CodeIgniter->runController(Object(App\Modules\Users\Controllers\Administrator))
#13 E:\xampp\htdocs\project\vendor\codeigniter4\framework\system\CodeIgniter.php(361): CodeIgniter\CodeIgniter->handleRequest(NULL, Object(Config\Cache), false)
#14 E:\xampp\htdocs\project\index.php(79): CodeIgniter\CodeIgniter->run()
#15 {main}
CRITICAL - 2024-04-27 10:41:49 --> CodeIgniter\Database\Exceptions\DatabaseException: Duplicate entry 'Juliani' for key 'username'
in SYSTEMPATH\Database\BaseConnection.php on line 647.
 1 SYSTEMPATH\Database\BaseBuilder.php(2307): CodeIgniter\Database\BaseConnection->query('INSERT INTO `users` (`username`, `created_at`, `updated_at`) VALUES (:username:, :created_at:, :updated_at:)', [...], false)
 2 SYSTEMPATH\Model.php(327): CodeIgniter\Database\BaseBuilder->insert()
 3 SYSTEMPATH\BaseModel.php(805): CodeIgniter\Model->doInsert([...])
 4 SYSTEMPATH\Model.php(749): CodeIgniter\BaseModel->insert([...], false)
 5 FCPATH\vendor\codeigniter4\shield\src\Models\UserModel.php(265): CodeIgniter\Model->insert(Object(CodeIgniter\Shield\Entities\User), false)
 6 SYSTEMPATH\BaseModel.php(716): CodeIgniter\Shield\Models\UserModel->insert(Object(CodeIgniter\Shield\Entities\User), false)
 7 FCPATH\vendor\codeigniter4\shield\src\Models\UserModel.php(327): CodeIgniter\BaseModel->save(Object(CodeIgniter\Shield\Entities\User))
 8 APPPATH\Modules\Users\Controllers\Administrator.php(67): CodeIgniter\Shield\Models\UserModel->save(Object(CodeIgniter\Shield\Entities\User))
 9 SYSTEMPATH\CodeIgniter.php(943): App\Modules\Users\Controllers\Administrator->add()
10 SYSTEMPATH\CodeIgniter.php(503): CodeIgniter\CodeIgniter->runController(Object(App\Modules\Users\Controllers\Administrator))
11 SYSTEMPATH\CodeIgniter.php(361): CodeIgniter\CodeIgniter->handleRequest(null, Object(Config\Cache), false)
12 FCPATH\index.php(79): CodeIgniter\CodeIgniter->run()
CRITICAL - 2024-04-27 10:41:49 --> [Caused by] CodeIgniter\Database\Exceptions\DatabaseException: Duplicate entry 'Juliani' for key 'username'
in SYSTEMPATH\Database\MySQLi\Connection.php on line 311.
 1 SYSTEMPATH\Database\BaseConnection.php(693): CodeIgniter\Database\MySQLi\Connection->execute('INSERT INTO `users` (`username`, `created_at`, `updated_at`) VALUES (\'Juliani\', \'2024-04-27 10:41:49\', \'2024-04-27 10:41:49\')')
 2 SYSTEMPATH\Database\BaseConnection.php(607): CodeIgniter\Database\BaseConnection->simpleQuery('INSERT INTO `users` (`username`, `created_at`, `updated_at`) VALUES (\'Juliani\', \'2024-04-27 10:41:49\', \'2024-04-27 10:41:49\')')
 3 SYSTEMPATH\Database\BaseBuilder.php(2307): CodeIgniter\Database\BaseConnection->query('INSERT INTO `users` (`username`, `created_at`, `updated_at`) VALUES (:username:, :created_at:, :updated_at:)', [...], false)
 4 SYSTEMPATH\Model.php(327): CodeIgniter\Database\BaseBuilder->insert()
 5 SYSTEMPATH\BaseModel.php(805): CodeIgniter\Model->doInsert([...])
 6 SYSTEMPATH\Model.php(749): CodeIgniter\BaseModel->insert([...], false)
 7 FCPATH\vendor\codeigniter4\shield\src\Models\UserModel.php(265): CodeIgniter\Model->insert(Object(CodeIgniter\Shield\Entities\User), false)
 8 SYSTEMPATH\BaseModel.php(716): CodeIgniter\Shield\Models\UserModel->insert(Object(CodeIgniter\Shield\Entities\User), false)
 9 FCPATH\vendor\codeigniter4\shield\src\Models\UserModel.php(327): CodeIgniter\BaseModel->save(Object(CodeIgniter\Shield\Entities\User))
10 APPPATH\Modules\Users\Controllers\Administrator.php(67): CodeIgniter\Shield\Models\UserModel->save(Object(CodeIgniter\Shield\Entities\User))
11 SYSTEMPATH\CodeIgniter.php(943): App\Modules\Users\Controllers\Administrator->add()
12 SYSTEMPATH\CodeIgniter.php(503): CodeIgniter\CodeIgniter->runController(Object(App\Modules\Users\Controllers\Administrator))
13 SYSTEMPATH\CodeIgniter.php(361): CodeIgniter\CodeIgniter->handleRequest(null, Object(Config\Cache), false)
14 FCPATH\index.php(79): CodeIgniter\CodeIgniter->run()
CRITICAL - 2024-04-27 10:41:49 --> [Caused by] mysqli_sql_exception: Duplicate entry 'Juliani' for key 'username'
in SYSTEMPATH\Database\MySQLi\Connection.php on line 306.
 1 SYSTEMPATH\Database\MySQLi\Connection.php(306): mysqli->query('INSERT INTO `users` (`username`, `created_at`, `updated_at`) VALUES (\'Juliani\', \'2024-04-27 10:41:49\', \'2024-04-27 10:41:49\')', 0)
 2 SYSTEMPATH\Database\BaseConnection.php(693): CodeIgniter\Database\MySQLi\Connection->execute('INSERT INTO `users` (`username`, `created_at`, `updated_at`) VALUES (\'Juliani\', \'2024-04-27 10:41:49\', \'2024-04-27 10:41:49\')')
 3 SYSTEMPATH\Database\BaseConnection.php(607): CodeIgniter\Database\BaseConnection->simpleQuery('INSERT INTO `users` (`username`, `created_at`, `updated_at`) VALUES (\'Juliani\', \'2024-04-27 10:41:49\', \'2024-04-27 10:41:49\')')
 4 SYSTEMPATH\Database\BaseBuilder.php(2307): CodeIgniter\Database\BaseConnection->query('INSERT INTO `users` (`username`, `created_at`, `updated_at`) VALUES (:username:, :created_at:, :updated_at:)', [...], false)
 5 SYSTEMPATH\Model.php(327): CodeIgniter\Database\BaseBuilder->insert()
 6 SYSTEMPATH\BaseModel.php(805): CodeIgniter\Model->doInsert([...])
 7 SYSTEMPATH\Model.php(749): CodeIgniter\BaseModel->insert([...], false)
 8 FCPATH\vendor\codeigniter4\shield\src\Models\UserModel.php(265): CodeIgniter\Model->insert(Object(CodeIgniter\Shield\Entities\User), false)
 9 SYSTEMPATH\BaseModel.php(716): CodeIgniter\Shield\Models\UserModel->insert(Object(CodeIgniter\Shield\Entities\User), false)
10 FCPATH\vendor\codeigniter4\shield\src\Models\UserModel.php(327): CodeIgniter\BaseModel->save(Object(CodeIgniter\Shield\Entities\User))
11 APPPATH\Modules\Users\Controllers\Administrator.php(67): CodeIgniter\Shield\Models\UserModel->save(Object(CodeIgniter\Shield\Entities\User))
12 SYSTEMPATH\CodeIgniter.php(943): App\Modules\Users\Controllers\Administrator->add()
13 SYSTEMPATH\CodeIgniter.php(503): CodeIgniter\CodeIgniter->runController(Object(App\Modules\Users\Controllers\Administrator))
14 SYSTEMPATH\CodeIgniter.php(361): CodeIgniter\CodeIgniter->handleRequest(null, Object(Config\Cache), false)
15 FCPATH\index.php(79): CodeIgniter\CodeIgniter->run()
INFO - 2024-04-27 10:41:49 --> Session: Class initialized using 'CodeIgniter\Session\Handlers\FileHandler' driver.
ERROR - 2024-04-27 10:41:49 --> mysqli_sql_exception: Duplicate entry 'Juliani' for key 'username' in E:\xampp\htdocs\project\vendor\codeigniter4\framework\system\Database\MySQLi\Connection.php:306
Stack trace:
#0 E:\xampp\htdocs\project\vendor\codeigniter4\framework\system\Database\MySQLi\Connection.php(306): mysqli->query('INSERT INTO `us...', 0)
#1 E:\xampp\htdocs\project\vendor\codeigniter4\framework\system\Database\BaseConnection.php(693): CodeIgniter\Database\MySQLi\Connection->execute('INSERT INTO `us...')
#2 E:\xampp\htdocs\project\vendor\codeigniter4\framework\system\Database\BaseConnection.php(607): CodeIgniter\Database\BaseConnection->simpleQuery('INSERT INTO `us...')
#3 E:\xampp\htdocs\project\vendor\codeigniter4\framework\system\Database\BaseBuilder.php(2307): CodeIgniter\Database\BaseConnection->query('INSERT INTO `us...', Array, false)
#4 E:\xampp\htdocs\project\vendor\codeigniter4\framework\system\Model.php(327): CodeIgniter\Database\BaseBuilder->insert()
#5 E:\xampp\htdocs\project\vendor\codeigniter4\framework\system\BaseModel.php(805): CodeIgniter\Model->doInsert(Array)
#6 E:\xampp\htdocs\project\vendor\codeigniter4\framework\system\Model.php(749): CodeIgniter\BaseModel->insert(Array, false)
#7 E:\xampp\htdocs\project\vendor\codeigniter4\shield\src\Models\UserModel.php(265): CodeIgniter\Model->insert(Object(CodeIgniter\Shield\Entities\User), false)
#8 E:\xampp\htdocs\project\vendor\codeigniter4\framework\system\BaseModel.php(716): CodeIgniter\Shield\Models\UserModel->insert(Object(CodeIgniter\Shield\Entities\User), false)
#9 E:\xampp\htdocs\project\vendor\codeigniter4\shield\src\Models\UserModel.php(327): CodeIgniter\BaseModel->save(Object(CodeIgniter\Shield\Entities\User))
#10 E:\xampp\htdocs\project\app\Modules\Users\Controllers\Administrator.php(67): CodeIgniter\Shield\Models\UserModel->save(Object(CodeIgniter\Shield\Entities\User))
#11 E:\xampp\htdocs\project\vendor\codeigniter4\framework\system\CodeIgniter.php(943): App\Modules\Users\Controllers\Administrator->add()
#12 E:\xampp\htdocs\project\vendor\codeigniter4\framework\system\CodeIgniter.php(503): CodeIgniter\CodeIgniter->runController(Object(App\Modules\Users\Controllers\Administrator))
#13 E:\xampp\htdocs\project\vendor\codeigniter4\framework\system\CodeIgniter.php(361): CodeIgniter\CodeIgniter->handleRequest(NULL, Object(Config\Cache), false)
#14 E:\xampp\htdocs\project\index.php(79): CodeIgniter\CodeIgniter->run()
#15 {main}
CRITICAL - 2024-04-27 10:41:49 --> CodeIgniter\Database\Exceptions\DatabaseException: Duplicate entry 'Juliani' for key 'username'
in SYSTEMPATH\Database\BaseConnection.php on line 647.
 1 SYSTEMPATH\Database\BaseBuilder.php(2307): CodeIgniter\Database\BaseConnection->query('INSERT INTO `users` (`username`, `created_at`, `updated_at`) VALUES (:username:, :created_at:, :updated_at:)', [...], false)
 2 SYSTEMPATH\Model.php(327): CodeIgniter\Database\BaseBuilder->insert()
 3 SYSTEMPATH\BaseModel.php(805): CodeIgniter\Model->doInsert([...])
 4 SYSTEMPATH\Model.php(749): CodeIgniter\BaseModel->insert([...], false)
 5 FCPATH\vendor\codeigniter4\shield\src\Models\UserModel.php(265): CodeIgniter\Model->insert(Object(CodeIgniter\Shield\Entities\User), false)
 6 SYSTEMPATH\BaseModel.php(716): CodeIgniter\Shield\Models\UserModel->insert(Object(CodeIgniter\Shield\Entities\User), false)
 7 FCPATH\vendor\codeigniter4\shield\src\Models\UserModel.php(327): CodeIgniter\BaseModel->save(Object(CodeIgniter\Shield\Entities\User))
 8 APPPATH\Modules\Users\Controllers\Administrator.php(67): CodeIgniter\Shield\Models\UserModel->save(Object(CodeIgniter\Shield\Entities\User))
 9 SYSTEMPATH\CodeIgniter.php(943): App\Modules\Users\Controllers\Administrator->add()
10 SYSTEMPATH\CodeIgniter.php(503): CodeIgniter\CodeIgniter->runController(Object(App\Modules\Users\Controllers\Administrator))
11 SYSTEMPATH\CodeIgniter.php(361): CodeIgniter\CodeIgniter->handleRequest(null, Object(Config\Cache), false)
12 FCPATH\index.php(79): CodeIgniter\CodeIgniter->run()
CRITICAL - 2024-04-27 10:41:49 --> [Caused by] CodeIgniter\Database\Exceptions\DatabaseException: Duplicate entry 'Juliani' for key 'username'
in SYSTEMPATH\Database\MySQLi\Connection.php on line 311.
 1 SYSTEMPATH\Database\BaseConnection.php(693): CodeIgniter\Database\MySQLi\Connection->execute('INSERT INTO `users` (`username`, `created_at`, `updated_at`) VALUES (\'Juliani\', \'2024-04-27 10:41:49\', \'2024-04-27 10:41:49\')')
 2 SYSTEMPATH\Database\BaseConnection.php(607): CodeIgniter\Database\BaseConnection->simpleQuery('INSERT INTO `users` (`username`, `created_at`, `updated_at`) VALUES (\'Juliani\', \'2024-04-27 10:41:49\', \'2024-04-27 10:41:49\')')
 3 SYSTEMPATH\Database\BaseBuilder.php(2307): CodeIgniter\Database\BaseConnection->query('INSERT INTO `users` (`username`, `created_at`, `updated_at`) VALUES (:username:, :created_at:, :updated_at:)', [...], false)
 4 SYSTEMPATH\Model.php(327): CodeIgniter\Database\BaseBuilder->insert()
 5 SYSTEMPATH\BaseModel.php(805): CodeIgniter\Model->doInsert([...])
 6 SYSTEMPATH\Model.php(749): CodeIgniter\BaseModel->insert([...], false)
 7 FCPATH\vendor\codeigniter4\shield\src\Models\UserModel.php(265): CodeIgniter\Model->insert(Object(CodeIgniter\Shield\Entities\User), false)
 8 SYSTEMPATH\BaseModel.php(716): CodeIgniter\Shield\Models\UserModel->insert(Object(CodeIgniter\Shield\Entities\User), false)
 9 FCPATH\vendor\codeigniter4\shield\src\Models\UserModel.php(327): CodeIgniter\BaseModel->save(Object(CodeIgniter\Shield\Entities\User))
10 APPPATH\Modules\Users\Controllers\Administrator.php(67): CodeIgniter\Shield\Models\UserModel->save(Object(CodeIgniter\Shield\Entities\User))
11 SYSTEMPATH\CodeIgniter.php(943): App\Modules\Users\Controllers\Administrator->add()
12 SYSTEMPATH\CodeIgniter.php(503): CodeIgniter\CodeIgniter->runController(Object(App\Modules\Users\Controllers\Administrator))
13 SYSTEMPATH\CodeIgniter.php(361): CodeIgniter\CodeIgniter->handleRequest(null, Object(Config\Cache), false)
14 FCPATH\index.php(79): CodeIgniter\CodeIgniter->run()
CRITICAL - 2024-04-27 10:41:49 --> [Caused by] mysqli_sql_exception: Duplicate entry 'Juliani' for key 'username'
in SYSTEMPATH\Database\MySQLi\Connection.php on line 306.
 1 SYSTEMPATH\Database\MySQLi\Connection.php(306): mysqli->query('INSERT INTO `users` (`username`, `created_at`, `updated_at`) VALUES (\'Juliani\', \'2024-04-27 10:41:49\', \'2024-04-27 10:41:49\')', 0)
 2 SYSTEMPATH\Database\BaseConnection.php(693): CodeIgniter\Database\MySQLi\Connection->execute('INSERT INTO `users` (`username`, `created_at`, `updated_at`) VALUES (\'Juliani\', \'2024-04-27 10:41:49\', \'2024-04-27 10:41:49\')')
 3 SYSTEMPATH\Database\BaseConnection.php(607): CodeIgniter\Database\BaseConnection->simpleQuery('INSERT INTO `users` (`username`, `created_at`, `updated_at`) VALUES (\'Juliani\', \'2024-04-27 10:41:49\', \'2024-04-27 10:41:49\')')
 4 SYSTEMPATH\Database\BaseBuilder.php(2307): CodeIgniter\Database\BaseConnection->query('INSERT INTO `users` (`username`, `created_at`, `updated_at`) VALUES (:username:, :created_at:, :updated_at:)', [...], false)
 5 SYSTEMPATH\Model.php(327): CodeIgniter\Database\BaseBuilder->insert()
 6 SYSTEMPATH\BaseModel.php(805): CodeIgniter\Model->doInsert([...])
 7 SYSTEMPATH\Model.php(749): CodeIgniter\BaseModel->insert([...], false)
 8 FCPATH\vendor\codeigniter4\shield\src\Models\UserModel.php(265): CodeIgniter\Model->insert(Object(CodeIgniter\Shield\Entities\User), false)
 9 SYSTEMPATH\BaseModel.php(716): CodeIgniter\Shield\Models\UserModel->insert(Object(CodeIgniter\Shield\Entities\User), false)
10 FCPATH\vendor\codeigniter4\shield\src\Models\UserModel.php(327): CodeIgniter\BaseModel->save(Object(CodeIgniter\Shield\Entities\User))
11 APPPATH\Modules\Users\Controllers\Administrator.php(67): CodeIgniter\Shield\Models\UserModel->save(Object(CodeIgniter\Shield\Entities\User))
12 SYSTEMPATH\CodeIgniter.php(943): App\Modules\Users\Controllers\Administrator->add()
13 SYSTEMPATH\CodeIgniter.php(503): CodeIgniter\CodeIgniter->runController(Object(App\Modules\Users\Controllers\Administrator))
14 SYSTEMPATH\CodeIgniter.php(361): CodeIgniter\CodeIgniter->handleRequest(null, Object(Config\Cache), false)
15 FCPATH\index.php(79): CodeIgniter\CodeIgniter->run()
INFO - 2024-04-27 10:45:36 --> Session: Class initialized using 'CodeIgniter\Session\Handlers\FileHandler' driver.
ERROR - 2024-04-27 10:45:37 --> mysqli_sql_exception: Duplicate entry 'Juliani' for key 'username' in E:\xampp\htdocs\project\vendor\codeigniter4\framework\system\Database\MySQLi\Connection.php:306
Stack trace:
#0 E:\xampp\htdocs\project\vendor\codeigniter4\framework\system\Database\MySQLi\Connection.php(306): mysqli->query('INSERT INTO `us...', 0)
#1 E:\xampp\htdocs\project\vendor\codeigniter4\framework\system\Database\BaseConnection.php(693): CodeIgniter\Database\MySQLi\Connection->execute('INSERT INTO `us...')
#2 E:\xampp\htdocs\project\vendor\codeigniter4\framework\system\Database\BaseConnection.php(607): CodeIgniter\Database\BaseConnection->simpleQuery('INSERT INTO `us...')
#3 E:\xampp\htdocs\project\vendor\codeigniter4\framework\system\Database\BaseBuilder.php(2307): CodeIgniter\Database\BaseConnection->query('INSERT INTO `us...', Array, false)
#4 E:\xampp\htdocs\project\vendor\codeigniter4\framework\system\Model.php(327): CodeIgniter\Database\BaseBuilder->insert()
#5 E:\xampp\htdocs\project\vendor\codeigniter4\framework\system\BaseModel.php(805): CodeIgniter\Model->doInsert(Array)
#6 E:\xampp\htdocs\project\vendor\codeigniter4\framework\system\Model.php(749): CodeIgniter\BaseModel->insert(Array, false)
#7 E:\xampp\htdocs\project\vendor\codeigniter4\shield\src\Models\UserModel.php(265): CodeIgniter\Model->insert(Object(CodeIgniter\Shield\Entities\User), false)
#8 E:\xampp\htdocs\project\vendor\codeigniter4\framework\system\BaseModel.php(716): CodeIgniter\Shield\Models\UserModel->insert(Object(CodeIgniter\Shield\Entities\User), false)
#9 E:\xampp\htdocs\project\vendor\codeigniter4\shield\src\Models\UserModel.php(327): CodeIgniter\BaseModel->save(Object(CodeIgniter\Shield\Entities\User))
#10 E:\xampp\htdocs\project\app\Modules\Users\Controllers\Administrator.php(67): CodeIgniter\Shield\Models\UserModel->save(Object(CodeIgniter\Shield\Entities\User))
#11 E:\xampp\htdocs\project\vendor\codeigniter4\framework\system\CodeIgniter.php(943): App\Modules\Users\Controllers\Administrator->add()
#12 E:\xampp\htdocs\project\vendor\codeigniter4\framework\system\CodeIgniter.php(503): CodeIgniter\CodeIgniter->runController(Object(App\Modules\Users\Controllers\Administrator))
#13 E:\xampp\htdocs\project\vendor\codeigniter4\framework\system\CodeIgniter.php(361): CodeIgniter\CodeIgniter->handleRequest(NULL, Object(Config\Cache), false)
#14 E:\xampp\htdocs\project\index.php(79): CodeIgniter\CodeIgniter->run()
#15 {main}
CRITICAL - 2024-04-27 10:45:37 --> CodeIgniter\Database\Exceptions\DatabaseException: Duplicate entry 'Juliani' for key 'username'
in SYSTEMPATH\Database\BaseConnection.php on line 647.
 1 SYSTEMPATH\Database\BaseBuilder.php(2307): CodeIgniter\Database\BaseConnection->query('INSERT INTO `users` (`username`, `created_at`, `updated_at`) VALUES (:username:, :created_at:, :updated_at:)', [...], false)
 2 SYSTEMPATH\Model.php(327): CodeIgniter\Database\BaseBuilder->insert()
 3 SYSTEMPATH\BaseModel.php(805): CodeIgniter\Model->doInsert([...])
 4 SYSTEMPATH\Model.php(749): CodeIgniter\BaseModel->insert([...], false)
 5 FCPATH\vendor\codeigniter4\shield\src\Models\UserModel.php(265): CodeIgniter\Model->insert(Object(CodeIgniter\Shield\Entities\User), false)
 6 SYSTEMPATH\BaseModel.php(716): CodeIgniter\Shield\Models\UserModel->insert(Object(CodeIgniter\Shield\Entities\User), false)
 7 FCPATH\vendor\codeigniter4\shield\src\Models\UserModel.php(327): CodeIgniter\BaseModel->save(Object(CodeIgniter\Shield\Entities\User))
 8 APPPATH\Modules\Users\Controllers\Administrator.php(67): CodeIgniter\Shield\Models\UserModel->save(Object(CodeIgniter\Shield\Entities\User))
 9 SYSTEMPATH\CodeIgniter.php(943): App\Modules\Users\Controllers\Administrator->add()
10 SYSTEMPATH\CodeIgniter.php(503): CodeIgniter\CodeIgniter->runController(Object(App\Modules\Users\Controllers\Administrator))
11 SYSTEMPATH\CodeIgniter.php(361): CodeIgniter\CodeIgniter->handleRequest(null, Object(Config\Cache), false)
12 FCPATH\index.php(79): CodeIgniter\CodeIgniter->run()
CRITICAL - 2024-04-27 10:45:37 --> [Caused by] CodeIgniter\Database\Exceptions\DatabaseException: Duplicate entry 'Juliani' for key 'username'
in SYSTEMPATH\Database\MySQLi\Connection.php on line 311.
 1 SYSTEMPATH\Database\BaseConnection.php(693): CodeIgniter\Database\MySQLi\Connection->execute('INSERT INTO `users` (`username`, `created_at`, `updated_at`) VALUES (\'Juliani\', \'2024-04-27 10:45:37\', \'2024-04-27 10:45:37\')')
 2 SYSTEMPATH\Database\BaseConnection.php(607): CodeIgniter\Database\BaseConnection->simpleQuery('INSERT INTO `users` (`username`, `created_at`, `updated_at`) VALUES (\'Juliani\', \'2024-04-27 10:45:37\', \'2024-04-27 10:45:37\')')
 3 SYSTEMPATH\Database\BaseBuilder.php(2307): CodeIgniter\Database\BaseConnection->query('INSERT INTO `users` (`username`, `created_at`, `updated_at`) VALUES (:username:, :created_at:, :updated_at:)', [...], false)
 4 SYSTEMPATH\Model.php(327): CodeIgniter\Database\BaseBuilder->insert()
 5 SYSTEMPATH\BaseModel.php(805): CodeIgniter\Model->doInsert([...])
 6 SYSTEMPATH\Model.php(749): CodeIgniter\BaseModel->insert([...], false)
 7 FCPATH\vendor\codeigniter4\shield\src\Models\UserModel.php(265): CodeIgniter\Model->insert(Object(CodeIgniter\Shield\Entities\User), false)
 8 SYSTEMPATH\BaseModel.php(716): CodeIgniter\Shield\Models\UserModel->insert(Object(CodeIgniter\Shield\Entities\User), false)
 9 FCPATH\vendor\codeigniter4\shield\src\Models\UserModel.php(327): CodeIgniter\BaseModel->save(Object(CodeIgniter\Shield\Entities\User))
10 APPPATH\Modules\Users\Controllers\Administrator.php(67): CodeIgniter\Shield\Models\UserModel->save(Object(CodeIgniter\Shield\Entities\User))
11 SYSTEMPATH\CodeIgniter.php(943): App\Modules\Users\Controllers\Administrator->add()
12 SYSTEMPATH\CodeIgniter.php(503): CodeIgniter\CodeIgniter->runController(Object(App\Modules\Users\Controllers\Administrator))
13 SYSTEMPATH\CodeIgniter.php(361): CodeIgniter\CodeIgniter->handleRequest(null, Object(Config\Cache), false)
14 FCPATH\index.php(79): CodeIgniter\CodeIgniter->run()
CRITICAL - 2024-04-27 10:45:37 --> [Caused by] mysqli_sql_exception: Duplicate entry 'Juliani' for key 'username'
in SYSTEMPATH\Database\MySQLi\Connection.php on line 306.
 1 SYSTEMPATH\Database\MySQLi\Connection.php(306): mysqli->query('INSERT INTO `users` (`username`, `created_at`, `updated_at`) VALUES (\'Juliani\', \'2024-04-27 10:45:37\', \'2024-04-27 10:45:37\')', 0)
 2 SYSTEMPATH\Database\BaseConnection.php(693): CodeIgniter\Database\MySQLi\Connection->execute('INSERT INTO `users` (`username`, `created_at`, `updated_at`) VALUES (\'Juliani\', \'2024-04-27 10:45:37\', \'2024-04-27 10:45:37\')')
 3 SYSTEMPATH\Database\BaseConnection.php(607): CodeIgniter\Database\BaseConnection->simpleQuery('INSERT INTO `users` (`username`, `created_at`, `updated_at`) VALUES (\'Juliani\', \'2024-04-27 10:45:37\', \'2024-04-27 10:45:37\')')
 4 SYSTEMPATH\Database\BaseBuilder.php(2307): CodeIgniter\Database\BaseConnection->query('INSERT INTO `users` (`username`, `created_at`, `updated_at`) VALUES (:username:, :created_at:, :updated_at:)', [...], false)
 5 SYSTEMPATH\Model.php(327): CodeIgniter\Database\BaseBuilder->insert()
 6 SYSTEMPATH\BaseModel.php(805): CodeIgniter\Model->doInsert([...])
 7 SYSTEMPATH\Model.php(749): CodeIgniter\BaseModel->insert([...], false)
 8 FCPATH\vendor\codeigniter4\shield\src\Models\UserModel.php(265): CodeIgniter\Model->insert(Object(CodeIgniter\Shield\Entities\User), false)
 9 SYSTEMPATH\BaseModel.php(716): CodeIgniter\Shield\Models\UserModel->insert(Object(CodeIgniter\Shield\Entities\User), false)
10 FCPATH\vendor\codeigniter4\shield\src\Models\UserModel.php(327): CodeIgniter\BaseModel->save(Object(CodeIgniter\Shield\Entities\User))
11 APPPATH\Modules\Users\Controllers\Administrator.php(67): CodeIgniter\Shield\Models\UserModel->save(Object(CodeIgniter\Shield\Entities\User))
12 SYSTEMPATH\CodeIgniter.php(943): App\Modules\Users\Controllers\Administrator->add()
13 SYSTEMPATH\CodeIgniter.php(503): CodeIgniter\CodeIgniter->runController(Object(App\Modules\Users\Controllers\Administrator))
14 SYSTEMPATH\CodeIgniter.php(361): CodeIgniter\CodeIgniter->handleRequest(null, Object(Config\Cache), false)
15 FCPATH\index.php(79): CodeIgniter\CodeIgniter->run()
INFO - 2024-04-27 10:48:08 --> Session: Class initialized using 'CodeIgniter\Session\Handlers\FileHandler' driver.
INFO - 2024-04-27 10:48:30 --> Session: Class initialized using 'CodeIgniter\Session\Handlers\FileHandler' driver.
INFO - 2024-04-27 10:48:51 --> Session: Class initialized using 'CodeIgniter\Session\Handlers\FileHandler' driver.
INFO - 2024-04-27 10:48:58 --> Session: Class initialized using 'CodeIgniter\Session\Handlers\FileHandler' driver.
INFO - 2024-04-27 10:51:04 --> Session: Class initialized using 'CodeIgniter\Session\Handlers\FileHandler' driver.
INFO - 2024-04-27 10:51:57 --> Session: Class initialized using 'CodeIgniter\Session\Handlers\FileHandler' driver.
CRITICAL - 2024-04-27 10:52:01 --> CodeIgniter\Shield\Authorization\AuthorizationException: users.index is not a valid permission.
in FCPATH\vendor\codeigniter4\shield\src\Authorization\AuthorizationException.php on line 29.
 1 FCPATH\vendor\codeigniter4\shield\src\Authorization\Traits\Authorizable.php(159): CodeIgniter\Shield\Authorization\AuthorizationException::forUnknownPermission('users.index')
 2 APPPATH\Modules\Users\Controllers\Administrator.php(77): CodeIgniter\Shield\Entities\User->addPermission('users.index')
 3 SYSTEMPATH\CodeIgniter.php(943): App\Modules\Users\Controllers\Administrator->add()
 4 SYSTEMPATH\CodeIgniter.php(503): CodeIgniter\CodeIgniter->runController(Object(App\Modules\Users\Controllers\Administrator))
 5 SYSTEMPATH\CodeIgniter.php(361): CodeIgniter\CodeIgniter->handleRequest(null, Object(Config\Cache), false)
 6 FCPATH\index.php(79): CodeIgniter\CodeIgniter->run()
INFO - 2024-04-27 10:52:27 --> Session: Class initialized using 'CodeIgniter\Session\Handlers\FileHandler' driver.
INFO - 2024-04-27 10:57:37 --> Session: Class initialized using 'CodeIgniter\Session\Handlers\FileHandler' driver.
INFO - 2024-04-27 10:57:41 --> Session: Class initialized using 'CodeIgniter\Session\Handlers\FileHandler' driver.
INFO - 2024-04-27 10:57:58 --> Session: Class initialized using 'CodeIgniter\Session\Handlers\FileHandler' driver.
INFO - 2024-04-27 10:58:24 --> Session: Class initialized using 'CodeIgniter\Session\Handlers\FileHandler' driver.
INFO - 2024-04-27 10:58:29 --> Session: Class initialized using 'CodeIgniter\Session\Handlers\FileHandler' driver.
